# JRE version: Java(TM) SE Runtime Environment (8.0_91-b14) (build 1.8.0_91-b14)
# Java VM: Java HotSpot(TM) 64-Bit Server VM (25.91-b14 mixed mode linux-amd64 compressed oops)
Heap:
 PSYoungGen      total 391168K, used 80501K [0x00000000e0000000, 0x0000000100000000, 0x0000000100000000)
  eden space 261632K, 0% used [0x00000000e0000000,0x00000000e0000000,0x00000000eff80000)
  from space 129536K, 62% used [0x00000000eff80000,0x00000000f4e1d780,0x00000000f7e00000)
  to   space 128512K, 0% used [0x00000000f8280000,0x00000000f8280000,0x0000000100000000)
 ParOldGen       total 1048576K, used 981696K [0x00000000a0000000, 0x00000000e0000000, 0x00000000e0000000)
  object space 1048576K, 93% used [0x00000000a0000000,0x00000000dbeb0390,0x00000000e0000000)
 Metaspace       used 138395K, capacity 149050K, committed 149120K, reserved 1179648K
  class space    used 17677K, capacity 18779K, committed 18816K, reserved 1048576K
GC Heap History (10 events):
Event: 12898.045 GC heap after
Heap after GC invocations=136 (full 22):
 PSYoungGen      total 380928K, used 105882K [0x00000000e0000000, 0x0000000100000000, 0x0000000100000000)
  eden space 260096K, 0% used [0x00000000e0000000,0x00000000e0000000,0x00000000efe00000)
  from space 120832K, 87% used [0x00000000f8580000,0x00000000fece6bd0,0x00000000ffb80000)
  to   space 132096K, 0% used [0x00000000efe00000,0x00000000efe00000,0x00000000f7f00000)
 ParOldGen       total 1048576K, used 895673K [0x00000000a0000000, 0x00000000e0000000, 0x00000000e0000000)
  object space 1048576K, 85% used [0x00000000a0000000,0x00000000d6aae460,0x00000000e0000000)
 Metaspace       used 134923K, capacity 145274K, committed 145536K, reserved 1177600K
  class space    used 17217K, capacity 18299K, committed 18304K, reserved 1048576K
}
Event: 12901.353 GC heap before
{Heap before GC invocations=137 (full 22):
 PSYoungGen      total 380928K, used 365978K [0x00000000e0000000, 0x0000000100000000, 0x0000000100000000)
  eden space 260096K, 100% used [0x00000000e0000000,0x00000000efe00000,0x00000000efe00000)
  from space 120832K, 87% used [0x00000000f8580000,0x00000000fece6bd0,0x00000000ffb80000)
  to   space 132096K, 0% used [0x00000000efe00000,0x00000000efe00000,0x00000000f7f00000)
 ParOldGen       total 1048576K, used 895673K [0x00000000a0000000, 0x00000000e0000000, 0x00000000e0000000)
  object space 1048576K, 85% used [0x00000000a0000000,0x00000000d6aae460,0x00000000e0000000)
 Metaspace       used 138222K, capacity 148626K, committed 148864K, reserved 1179648K
  class space    used 17650K, capacity 18743K, committed 18816K, reserved 1048576K
Event: 12901.691 GC heap after
Heap after GC invocations=137 (full 22):
 PSYoungGen      total 392192K, used 78278K [0x00000000e0000000, 0x0000000100000000, 0x0000000100000000)
  eden space 260096K, 0% used [0x00000000e0000000,0x00000000e0000000,0x00000000efe00000)
  from space 132096K, 59% used [0x00000000efe00000,0x00000000f4a71808,0x00000000f7f00000)
  to   space 130560K, 0% used [0x00000000f8080000,0x00000000f8080000,0x0000000100000000)
 ParOldGen       total 1048576K, used 992293K [0x00000000a0000000, 0x00000000e0000000, 0x00000000e0000000)
  object space 1048576K, 94% used [0x00000000a0000000,0x00000000dc9096a0,0x00000000e0000000)
 Metaspace       used 138222K, capacity 148626K, committed 148864K, reserved 1179648K
  class space    used 17650K, capacity 18743K, committed 18816K, reserved 1048576K
}
Event: 12901.692 GC heap before
{Heap before GC invocations=138 (full 23):
 PSYoungGen      total 392192K, used 78278K [0x00000000e0000000, 0x0000000100000000, 0x0000000100000000)
  eden space 260096K, 0% used [0x00000000e0000000,0x00000000e0000000,0x00000000efe00000)
  from space 132096K, 59% used [0x00000000efe00000,0x00000000f4a71808,0x00000000f7f00000)
  to   space 130560K, 0% used [0x00000000f8080000,0x00000000f8080000,0x0000000100000000)
 ParOldGen       total 1048576K, used 992293K [0x00000000a0000000, 0x00000000e0000000, 0x00000000e0000000)
  object space 1048576K, 94% used [0x00000000a0000000,0x00000000dc9096a0,0x00000000e0000000)
 Metaspace       used 138222K, capacity 148626K, committed 148864K, reserved 1179648K
  class space    used 17650K, capacity 18743K, committed 18816K, reserved 1048576K
Event: 12904.416 GC heap after
Heap after GC invocations=138 (full 23):
 PSYoungGen      total 392192K, used 0K [0x00000000e0000000, 0x0000000100000000, 0x0000000100000000)
  eden space 260096K, 0% used [0x00000000e0000000,0x00000000e0000000,0x00000000efe00000)
  from space 132096K, 0% used [0x00000000efe00000,0x00000000efe00000,0x00000000f7f00000)
  to   space 130560K, 0% used [0x00000000f8080000,0x00000000f8080000,0x0000000100000000)
 ParOldGen       total 1048576K, used 909461K [0x00000000a0000000, 0x00000000e0000000, 0x00000000e0000000)
  object space 1048576K, 86% used [0x00000000a0000000,0x00000000d7825498,0x00000000e0000000)
 Metaspace       used 131746K, capacity 142042K, committed 148864K, reserved 1179648K
  class space    used 16795K, capacity 17875K, committed 18816K, reserved 1048576K
}
Event: 12959.539 GC heap before
{Heap before GC invocations=139 (full 23):
 PSYoungGen      total 392192K, used 260096K [0x00000000e0000000, 0x0000000100000000, 0x0000000100000000)
  eden space 260096K, 100% used [0x00000000e0000000,0x00000000efe00000,0x00000000efe00000)
  from space 132096K, 0% used [0x00000000efe00000,0x00000000efe00000,0x00000000f7f00000)
  to   space 130560K, 0% used [0x00000000f8080000,0x00000000f8080000,0x0000000100000000)
 ParOldGen       total 1048576K, used 909461K [0x00000000a0000000, 0x00000000e0000000, 0x00000000e0000000)
  object space 1048576K, 86% used [0x00000000a0000000,0x00000000d7825498,0x00000000e0000000)
 Metaspace       used 135074K, capacity 145546K, committed 148864K, reserved 1179648K
  class space    used 17236K, capacity 18327K, committed 18816K, reserved 1048576K
Event: 12959.666 GC heap after
Heap after GC invocations=139 (full 23):
 PSYoungGen      total 388608K, used 80516K [0x00000000e0000000, 0x00000000ffc80000, 0x0000000100000000)
  eden space 261632K, 0% used [0x00000000e0000000,0x00000000e0000000,0x00000000eff80000)
  from space 126976K, 63% used [0x00000000f8080000,0x00000000fcf212f8,0x00000000ffc80000)
  to   space 129536K, 0% used [0x00000000eff80000,0x00000000eff80000,0x00000000f7e00000)
 ParOldGen       total 1048576K, used 909469K [0x00000000a0000000, 0x00000000e0000000, 0x00000000e0000000)
  object space 1048576K, 86% used [0x00000000a0000000,0x00000000d7827498,0x00000000e0000000)
 Metaspace       used 135074K, capacity 145546K, committed 148864K, reserved 1179648K
  class space    used 17236K, capacity 18327K, committed 18816K, reserved 1048576K
}
Event: 13013.055 GC heap before
{Heap before GC invocations=140 (full 23):
 PSYoungGen      total 388608K, used 342148K [0x00000000e0000000, 0x00000000ffc80000, 0x0000000100000000)
  eden space 261632K, 100% used [0x00000000e0000000,0x00000000eff80000,0x00000000eff80000)
  from space 126976K, 63% used [0x00000000f8080000,0x00000000fcf212f8,0x00000000ffc80000)
  to   space 129536K, 0% used [0x00000000eff80000,0x00000000eff80000,0x00000000f7e00000)
 ParOldGen       total 1048576K, used 909469K [0x00000000a0000000, 0x00000000e0000000, 0x00000000e0000000)
  object space 1048576K, 86% used [0x00000000a0000000,0x00000000d7827498,0x00000000e0000000)
 Metaspace       used 138395K, capacity 149050K, committed 149120K, reserved 1179648K
  class space    used 17677K, capacity 18779K, committed 18816K, reserved 1048576K
Event: 13013.222 GC heap after
Heap after GC invocations=140 (full 23):
 PSYoungGen      total 391168K, used 80501K [0x00000000e0000000, 0x0000000100000000, 0x0000000100000000)
  eden space 261632K, 0% used [0x00000000e0000000,0x00000000e0000000,0x00000000eff80000)
  from space 129536K, 62% used [0x00000000eff80000,0x00000000f4e1d780,0x00000000f7e00000)
  to   space 128512K, 0% used [0x00000000f8280000,0x00000000f8280000,0x0000000100000000)
 ParOldGen       total 1048576K, used 981696K [0x00000000a0000000, 0x00000000e0000000, 0x00000000e0000000)
  object space 1048576K, 93% used [0x00000000a0000000,0x00000000dbeb0390,0x00000000e0000000)
 Metaspace       used 138395K, capacity 149050K, committed 149120K, reserved 1179648K
  class space    used 17677K, capacity 18779K, committed 18816K, reserved 1048576K
}
Event: 13013.222 GC heap before
{Heap before GC invocations=141 (full 24):
 PSYoungGen      total 391168K, used 80501K [0x00000000e0000000, 0x0000000100000000, 0x0000000100000000)
  eden space 261632K, 0% used [0x00000000e0000000,0x00000000e0000000,0x00000000eff80000)
  from space 129536K, 62% used [0x00000000eff80000,0x00000000f4e1d780,0x00000000f7e00000)
  to   space 128512K, 0% used [0x00000000f8280000,0x00000000f8280000,0x0000000100000000)
 ParOldGen       total 1048576K, used 981696K [0x00000000a0000000, 0x00000000e0000000, 0x00000000e0000000)
  object space 1048576K, 93% used [0x00000000a0000000,0x00000000dbeb0390,0x00000000e0000000)
 Metaspace       used 138395K, capacity 149050K, committed 149120K, reserved 1179648K
  class space    used 17677K, capacity 18779K, committed 18816K, reserved 1048576K

