# JRE version: Java(TM) SE Runtime Environment (8.0_91-b14) (build 1.8.0_91-b14)
# Java VM: Java HotSpot(TM) 64-Bit Server VM (25.91-b14 mixed mode linux-amd64 compressed oops)
Heap:
 PSYoungGen      total 349696K, used 349682K [0x00000000e0000000, 0x0000000100000000, 0x0000000100000000)
  eden space 286720K, 100% used [0x00000000e0000000,0x00000000f1800000,0x00000000f1800000)
  from space 62976K, 99% used [0x00000000f1800000,0x00000000f557c808,0x00000000f5580000)
  to   space 120320K, 14% used [0x00000000f8a80000,0x00000000f9af8110,0x0000000100000000)
 ParOldGen       total 710656K, used 528933K [0x00000000a0000000, 0x00000000cb600000, 0x00000000e0000000)
  object space 710656K, 74% used [0x00000000a0000000,0x00000000c04896b8,0x00000000cb600000)
 Metaspace       used 129558K, capacity 138360K, committed 158592K, reserved 1187840K
  class space    used 16296K, capacity 17340K, committed 20352K, reserved 1048576K
GC Heap History (10 events):
Event: 14028.324 GC heap after
Heap after GC invocations=111 (full 17):
 PSYoungGen      total 314368K, used 17076K [0x00000000e0000000, 0x00000000ff380000, 0x0000000100000000)
  eden space 296960K, 0% used [0x00000000e0000000,0x00000000e0000000,0x00000000f2200000)
  from space 17408K, 98% used [0x00000000f2200000,0x00000000f32ad3f8,0x00000000f3300000)
  to   space 107008K, 0% used [0x00000000f8b00000,0x00000000f8b00000,0x00000000ff380000)
 ParOldGen       total 710656K, used 405456K [0x00000000a0000000, 0x00000000cb600000, 0x00000000e0000000)
  object space 710656K, 57% used [0x00000000a0000000,0x00000000b8bf40b8,0x00000000cb600000)
 Metaspace       used 122517K, capacity 130716K, committed 158592K, reserved 1187840K
  class space    used 15360K, capacity 16290K, committed 20352K, reserved 1048576K
}
Event: 14060.200 GC heap before
{Heap before GC invocations=112 (full 17):
 PSYoungGen      total 314368K, used 314036K [0x00000000e0000000, 0x00000000ff380000, 0x0000000100000000)
  eden space 296960K, 100% used [0x00000000e0000000,0x00000000f2200000,0x00000000f2200000)
  from space 17408K, 98% used [0x00000000f2200000,0x00000000f32ad3f8,0x00000000f3300000)
  to   space 107008K, 0% used [0x00000000f8b00000,0x00000000f8b00000,0x00000000ff380000)
 ParOldGen       total 710656K, used 405456K [0x00000000a0000000, 0x00000000cb600000, 0x00000000e0000000)
  object space 710656K, 57% used [0x00000000a0000000,0x00000000b8bf40b8,0x00000000cb600000)
 Metaspace       used 122722K, capacity 131002K, committed 158592K, reserved 1187840K
  class space    used 15380K, capacity 16319K, committed 20352K, reserved 1048576K
Event: 14060.225 GC heap after
Heap after GC invocations=112 (full 17):
 PSYoungGen      total 407552K, used 7807K [0x00000000e0000000, 0x0000000100000000, 0x0000000100000000)
  eden space 300544K, 0% used [0x00000000e0000000,0x00000000e0000000,0x00000000f2580000)
  from space 107008K, 7% used [0x00000000f8b00000,0x00000000f929fd88,0x00000000ff380000)
  to   space 103936K, 0% used [0x00000000f2580000,0x00000000f2580000,0x00000000f8b00000)
 ParOldGen       total 710656K, used 411490K [0x00000000a0000000, 0x00000000cb600000, 0x00000000e0000000)
  object space 710656K, 57% used [0x00000000a0000000,0x00000000b91d8bf0,0x00000000cb600000)
 Metaspace       used 122722K, capacity 131002K, committed 158592K, reserved 1187840K
  class space    used 15380K, capacity 16319K, committed 20352K, reserved 1048576K
}
Event: 16075.542 GC heap before
{Heap before GC invocations=113 (full 17):
 PSYoungGen      total 407552K, used 308351K [0x00000000e0000000, 0x0000000100000000, 0x0000000100000000)
  eden space 300544K, 100% used [0x00000000e0000000,0x00000000f2580000,0x00000000f2580000)
  from space 107008K, 7% used [0x00000000f8b00000,0x00000000f929fd88,0x00000000ff380000)
  to   space 103936K, 0% used [0x00000000f2580000,0x00000000f2580000,0x00000000f8b00000)
 ParOldGen       total 710656K, used 411490K [0x00000000a0000000, 0x00000000cb600000, 0x00000000e0000000)
  object space 710656K, 57% used [0x00000000a0000000,0x00000000b91d8bf0,0x00000000cb600000)
 Metaspace       used 122862K, capacity 131310K, committed 158592K, reserved 1187840K
  class space    used 15404K, capacity 16353K, committed 20352K, reserved 1048576K
Event: 16079.740 GC heap after
Heap after GC invocations=113 (full 17):
 PSYoungGen      total 404480K, used 9840K [0x00000000e0000000, 0x00000000ff500000, 0x0000000100000000)
  eden space 300544K, 0% used [0x00000000e0000000,0x00000000e0000000,0x00000000f2580000)
  from space 103936K, 9% used [0x00000000f2580000,0x00000000f2f1c040,0x00000000f8b00000)
  to   space 99840K, 0% used [0x00000000f9380000,0x00000000f9380000,0x00000000ff500000)
 ParOldGen       total 710656K, used 412039K [0x00000000a0000000, 0x00000000cb600000, 0x00000000e0000000)
  object space 710656K, 57% used [0x00000000a0000000,0x00000000b9261c10,0x00000000cb600000)
 Metaspace       used 122862K, capacity 131310K, committed 158592K, reserved 1187840K
  class space    used 15404K, capacity 16353K, committed 20352K, reserved 1048576K
}
Event: 16226.027 GC heap before
{Heap before GC invocations=114 (full 17):
 PSYoungGen      total 404480K, used 310384K [0x00000000e0000000, 0x00000000ff500000, 0x0000000100000000)
  eden space 300544K, 100% used [0x00000000e0000000,0x00000000f2580000,0x00000000f2580000)
  from space 103936K, 9% used [0x00000000f2580000,0x00000000f2f1c040,0x00000000f8b00000)
  to   space 99840K, 0% used [0x00000000f9380000,0x00000000f9380000,0x00000000ff500000)
 ParOldGen       total 710656K, used 412039K [0x00000000a0000000, 0x00000000cb600000, 0x00000000e0000000)
  object space 710656K, 57% used [0x00000000a0000000,0x00000000b9261c10,0x00000000cb600000)
 Metaspace       used 126979K, capacity 135758K, committed 158592K, reserved 1187840K
  class space    used 15934K, capacity 16963K, committed 20352K, reserved 1048576K
Event: 16239.070 GC heap after
Heap after GC invocations=114 (full 17):
 PSYoungGen      total 386560K, used 97462K [0x00000000e0000000, 0x0000000100000000, 0x0000000100000000)
  eden space 286720K, 0% used [0x00000000e0000000,0x00000000e0000000,0x00000000f1800000)
  from space 99840K, 97% used [0x00000000f9380000,0x00000000ff2ad948,0x00000000ff500000)
  to   space 118784K, 0% used [0x00000000f1800000,0x00000000f1800000,0x00000000f8c00000)
 ParOldGen       total 710656K, used 412039K [0x00000000a0000000, 0x00000000cb600000, 0x00000000e0000000)
  object space 710656K, 57% used [0x00000000a0000000,0x00000000b9261c10,0x00000000cb600000)
 Metaspace       used 126979K, capacity 135758K, committed 158592K, reserved 1187840K
  class space    used 15934K, capacity 16963K, committed 20352K, reserved 1048576K
}
Event: 16249.379 GC heap before
{Heap before GC invocations=115 (full 17):
 PSYoungGen      total 386560K, used 383268K [0x00000000e0000000, 0x0000000100000000, 0x0000000100000000)
  eden space 286720K, 99% used [0x00000000e0000000,0x00000000f171ba58,0x00000000f1800000)
  from space 99840K, 97% used [0x00000000f9380000,0x00000000ff2ad948,0x00000000ff500000)
  to   space 118784K, 0% used [0x00000000f1800000,0x00000000f1800000,0x00000000f8c00000)
 ParOldGen       total 710656K, used 412039K [0x00000000a0000000, 0x00000000cb600000, 0x00000000e0000000)
  object space 710656K, 57% used [0x00000000a0000000,0x00000000b9261c10,0x00000000cb600000)
 Metaspace       used 129495K, capacity 138264K, committed 158592K, reserved 1187840K
  class space    used 16287K, capacity 17324K, committed 20352K, reserved 1048576K
Event: 16253.245 GC heap after
Heap after GC invocations=115 (full 17):
 PSYoungGen      total 349696K, used 62962K [0x00000000e0000000, 0x0000000100000000, 0x0000000100000000)
  eden space 286720K, 0% used [0x00000000e0000000,0x00000000e0000000,0x00000000f1800000)
  from space 62976K, 99% used [0x00000000f1800000,0x00000000f557c808,0x00000000f5580000)
  to   space 120320K, 0% used [0x00000000f8a80000,0x00000000f8a80000,0x0000000100000000)
 ParOldGen       total 710656K, used 502787K [0x00000000a0000000, 0x00000000cb600000, 0x00000000e0000000)
  object space 710656K, 70% used [0x00000000a0000000,0x00000000beb00f38,0x00000000cb600000)
 Metaspace       used 129495K, capacity 138264K, committed 158592K, reserved 1187840K
  class space    used 16287K, capacity 17324K, committed 20352K, reserved 1048576K
}
Event: 16260.866 GC heap before
{Heap before GC invocations=116 (full 17):
 PSYoungGen      total 349696K, used 349682K [0x00000000e0000000, 0x0000000100000000, 0x0000000100000000)
  eden space 286720K, 100% used [0x00000000e0000000,0x00000000f1800000,0x00000000f1800000)
  from space 62976K, 99% used [0x00000000f1800000,0x00000000f557c808,0x00000000f5580000)
  to   space 120320K, 0% used [0x00000000f8a80000,0x00000000f8a80000,0x0000000100000000)
 ParOldGen       total 710656K, used 502787K [0x00000000a0000000, 0x00000000cb600000, 0x00000000e0000000)
  object space 710656K, 70% used [0x00000000a0000000,0x00000000beb00f38,0x00000000cb600000)
 Metaspace       used 129558K, capacity 138360K, committed 158592K, reserved 1187840K
  class space    used 16296K, capacity 17340K, committed 20352K, reserved 1048576K

