# JRE version: OpenJDK Runtime Environment (8.0_112-b06) (build 1.8.0_112-release-b06)
# Java VM: OpenJDK 64-Bit Server VM (25.112-b06 mixed mode linux-amd64 compressed oops)
Heap:
 PSYoungGen      total 398848K, used 53934K [0x00000000e0000000, 0x00000000ffa00000, 0x0000000100000000)
  eden space 274432K, 0% used [0x00000000e0000000,0x00000000e0000000,0x00000000f0c00000)
  from space 124416K, 43% used [0x00000000f0c00000,0x00000000f40abb28,0x00000000f8580000)
  to   space 118784K, 0% used [0x00000000f8600000,0x00000000f8600000,0x00000000ffa00000)
 ParOldGen       total 970240K, used 917243K [0x00000000a0000000, 0x00000000db380000, 0x00000000e0000000)
  object space 970240K, 94% used [0x00000000a0000000,0x00000000d7fbee40,0x00000000db380000)
 Metaspace       used 116648K, capacity 123308K, committed 123568K, reserved 1157120K
  class space    used 14564K, capacity 15531K, committed 15536K, reserved 1048576K
GC Heap History (10 events):
Event: 3870.133 GC heap after
Heap after GC invocations=53 (full 8):
 PSYoungGen      total 373248K, used 84171K [0x00000000e0000000, 0x0000000100000000, 0x0000000100000000)
  eden space 288768K, 0% used [0x00000000e0000000,0x00000000e0000000,0x00000000f1a00000)
  from space 84480K, 99% used [0x00000000f1a00000,0x00000000f6c32fb0,0x00000000f6c80000)
  to   space 124928K, 0% used [0x00000000f8600000,0x00000000f8600000,0x0000000100000000)
 ParOldGen       total 970240K, used 687350K [0x00000000a0000000, 0x00000000db380000, 0x00000000e0000000)
  object space 970240K, 70% used [0x00000000a0000000,0x00000000c9f3d850,0x00000000db380000)
 Metaspace       used 109031K, capacity 115218K, committed 115760K, reserved 1150976K
  class space    used 13620K, capacity 14524K, committed 14640K, reserved 1048576K
}
Event: 3951.515 GC heap before
{Heap before GC invocations=54 (full 8):
 PSYoungGen      total 373248K, used 372939K [0x00000000e0000000, 0x0000000100000000, 0x0000000100000000)
  eden space 288768K, 100% used [0x00000000e0000000,0x00000000f1a00000,0x00000000f1a00000)
  from space 84480K, 99% used [0x00000000f1a00000,0x00000000f6c32fb0,0x00000000f6c80000)
  to   space 124928K, 0% used [0x00000000f8600000,0x00000000f8600000,0x0000000100000000)
 ParOldGen       total 970240K, used 687350K [0x00000000a0000000, 0x00000000db380000, 0x00000000e0000000)
  object space 970240K, 70% used [0x00000000a0000000,0x00000000c9f3d850,0x00000000db380000)
 Metaspace       used 109829K, capacity 116162K, committed 116656K, reserved 1150976K
  class space    used 13697K, capacity 14616K, committed 14768K, reserved 1048576K
Event: 3951.708 GC heap after
Heap after GC invocations=54 (full 8):
 PSYoungGen      total 404480K, used 28343K [0x00000000e0000000, 0x0000000100000000, 0x0000000100000000)
  eden space 279552K, 0% used [0x00000000e0000000,0x00000000e0000000,0x00000000f1100000)
  from space 124928K, 22% used [0x00000000f8600000,0x00000000fa1add48,0x0000000100000000)
  to   space 119808K, 0% used [0x00000000f1100000,0x00000000f1100000,0x00000000f8600000)
 ParOldGen       total 970240K, used 762821K [0x00000000a0000000, 0x00000000db380000, 0x00000000e0000000)
  object space 970240K, 78% used [0x00000000a0000000,0x00000000ce8f1510,0x00000000db380000)
 Metaspace       used 109829K, capacity 116162K, committed 116656K, reserved 1150976K
  class space    used 13697K, capacity 14616K, committed 14768K, reserved 1048576K
}
Event: 4035.759 GC heap before
{Heap before GC invocations=55 (full 8):
 PSYoungGen      total 404480K, used 307895K [0x00000000e0000000, 0x0000000100000000, 0x0000000100000000)
  eden space 279552K, 100% used [0x00000000e0000000,0x00000000f1100000,0x00000000f1100000)
  from space 124928K, 22% used [0x00000000f8600000,0x00000000fa1add48,0x0000000100000000)
  to   space 119808K, 0% used [0x00000000f1100000,0x00000000f1100000,0x00000000f8600000)
 ParOldGen       total 970240K, used 762821K [0x00000000a0000000, 0x00000000db380000, 0x00000000e0000000)
  object space 970240K, 78% used [0x00000000a0000000,0x00000000ce8f1510,0x00000000db380000)
 Metaspace       used 112484K, capacity 118874K, committed 119216K, reserved 1153024K
  class space    used 14058K, capacity 14984K, committed 15024K, reserved 1048576K
Event: 4035.895 GC heap after
Heap after GC invocations=55 (full 8):
 PSYoungGen      total 342528K, used 62574K [0x00000000e0000000, 0x00000000ffa00000, 0x0000000100000000)
  eden space 279552K, 0% used [0x00000000e0000000,0x00000000e0000000,0x00000000f1100000)
  from space 62976K, 99% used [0x00000000f1100000,0x00000000f4e1b9f0,0x00000000f4e80000)
  to   space 119296K, 0% used [0x00000000f8580000,0x00000000f8580000,0x00000000ffa00000)
 ParOldGen       total 970240K, used 783731K [0x00000000a0000000, 0x00000000db380000, 0x00000000e0000000)
  object space 970240K, 80% used [0x00000000a0000000,0x00000000cfd5cdf0,0x00000000db380000)
 Metaspace       used 112484K, capacity 118874K, committed 119216K, reserved 1153024K
  class space    used 14058K, capacity 14984K, committed 15024K, reserved 1048576K
}
Event: 4037.876 GC heap before
{Heap before GC invocations=56 (full 8):
 PSYoungGen      total 342528K, used 342126K [0x00000000e0000000, 0x00000000ffa00000, 0x0000000100000000)
  eden space 279552K, 100% used [0x00000000e0000000,0x00000000f1100000,0x00000000f1100000)
  from space 62976K, 99% used [0x00000000f1100000,0x00000000f4e1b9f0,0x00000000f4e80000)
  to   space 119296K, 0% used [0x00000000f8580000,0x00000000f8580000,0x00000000ffa00000)
 ParOldGen       total 970240K, used 783731K [0x00000000a0000000, 0x00000000db380000, 0x00000000e0000000)
  object space 970240K, 80% used [0x00000000a0000000,0x00000000cfd5cdf0,0x00000000db380000)
 Metaspace       used 115839K, capacity 122338K, committed 122544K, reserved 1157120K
  class space    used 14485K, capacity 15436K, committed 15536K, reserved 1048576K
Event: 4038.442 GC heap after
Heap after GC invocations=56 (full 8):
 PSYoungGen      total 393728K, used 79487K [0x00000000e0000000, 0x0000000100000000, 0x0000000100000000)
  eden space 274432K, 0% used [0x00000000e0000000,0x00000000e0000000,0x00000000f0c00000)
  from space 119296K, 66% used [0x00000000f8580000,0x00000000fd31fea0,0x00000000ffa00000)
  to   space 124416K, 0% used [0x00000000f0c00000,0x00000000f0c00000,0x00000000f8580000)
 ParOldGen       total 970240K, used 842799K [0x00000000a0000000, 0x00000000db380000, 0x00000000e0000000)
  object space 970240K, 86% used [0x00000000a0000000,0x00000000d370bd40,0x00000000db380000)
 Metaspace       used 115839K, capacity 122338K, committed 122544K, reserved 1157120K
  class space    used 14485K, capacity 15436K, committed 15536K, reserved 1048576K
}
Event: 4114.048 GC heap before
{Heap before GC invocations=57 (full 8):
 PSYoungGen      total 393728K, used 353919K [0x00000000e0000000, 0x0000000100000000, 0x0000000100000000)
  eden space 274432K, 100% used [0x00000000e0000000,0x00000000f0c00000,0x00000000f0c00000)
  from space 119296K, 66% used [0x00000000f8580000,0x00000000fd31fea0,0x00000000ffa00000)
  to   space 124416K, 0% used [0x00000000f0c00000,0x00000000f0c00000,0x00000000f8580000)
 ParOldGen       total 970240K, used 842799K [0x00000000a0000000, 0x00000000db380000, 0x00000000e0000000)
  object space 970240K, 86% used [0x00000000a0000000,0x00000000d370bd40,0x00000000db380000)
 Metaspace       used 116648K, capacity 123308K, committed 123568K, reserved 1157120K
  class space    used 14564K, capacity 15531K, committed 15536K, reserved 1048576K
Event: 4114.209 GC heap after
Heap after GC invocations=57 (full 8):
 PSYoungGen      total 398848K, used 53934K [0x00000000e0000000, 0x00000000ffa00000, 0x0000000100000000)
  eden space 274432K, 0% used [0x00000000e0000000,0x00000000e0000000,0x00000000f0c00000)
  from space 124416K, 43% used [0x00000000f0c00000,0x00000000f40abb28,0x00000000f8580000)
  to   space 118784K, 0% used [0x00000000f8600000,0x00000000f8600000,0x00000000ffa00000)
 ParOldGen       total 970240K, used 917243K [0x00000000a0000000, 0x00000000db380000, 0x00000000e0000000)
  object space 970240K, 94% used [0x00000000a0000000,0x00000000d7fbee40,0x00000000db380000)
 Metaspace       used 116648K, capacity 123308K, committed 123568K, reserved 1157120K
  class space    used 14564K, capacity 15531K, committed 15536K, reserved 1048576K
}
Event: 4114.209 GC heap before
{Heap before GC invocations=58 (full 9):
 PSYoungGen      total 398848K, used 53934K [0x00000000e0000000, 0x00000000ffa00000, 0x0000000100000000)
  eden space 274432K, 0% used [0x00000000e0000000,0x00000000e0000000,0x00000000f0c00000)
  from space 124416K, 43% used [0x00000000f0c00000,0x00000000f40abb28,0x00000000f8580000)
  to   space 118784K, 0% used [0x00000000f8600000,0x00000000f8600000,0x00000000ffa00000)
 ParOldGen       total 970240K, used 917243K [0x00000000a0000000, 0x00000000db380000, 0x00000000e0000000)
  object space 970240K, 94% used [0x00000000a0000000,0x00000000d7fbee40,0x00000000db380000)
 Metaspace       used 116648K, capacity 123308K, committed 123568K, reserved 1157120K
  class space    used 14564K, capacity 15531K, committed 15536K, reserved 1048576K

