# JRE version: Java(TM) SE Runtime Environment (8.0_91-b14) (build 1.8.0_91-b14)
# Java VM: Java HotSpot(TM) 64-Bit Server VM (25.91-b14 mixed mode linux-amd64 compressed oops)
Heap:
 PSYoungGen      total 175104K, used 22344K [0x00000000e0000000, 0x00000000ef500000, 0x0000000100000000)
  eden space 111616K, 0% used [0x00000000e0000000,0x00000000e0000000,0x00000000e6d00000)
  from space 63488K, 35% used [0x00000000e6d00000,0x00000000e82d2300,0x00000000eab00000)
  to   space 59904K, 0% used [0x00000000eba80000,0x00000000eba80000,0x00000000ef500000)
 ParOldGen       total 282624K, used 241786K [0x00000000a0000000, 0x00000000b1400000, 0x00000000e0000000)
  object space 282624K, 85% used [0x00000000a0000000,0x00000000aec1e8b0,0x00000000b1400000)
 Metaspace       used 80141K, capacity 82776K, committed 82944K, reserved 1122304K
  class space    used 10392K, capacity 10951K, committed 11008K, reserved 1048576K
GC Heap History (10 events):
Event: 151.972 GC heap after
Heap after GC invocations=36 (full 5):
 PSYoungGen      total 150016K, used 24908K [0x00000000e0000000, 0x00000000ed680000, 0x0000000100000000)
  eden space 95744K, 0% used [0x00000000e0000000,0x00000000e0000000,0x00000000e5d80000)
  from space 54272K, 45% used [0x00000000e5d80000,0x00000000e75d3168,0x00000000e9280000)
  to   space 53248K, 0% used [0x00000000ea280000,0x00000000ea280000,0x00000000ed680000)
 ParOldGen       total 282624K, used 182821K [0x00000000a0000000, 0x00000000b1400000, 0x00000000e0000000)
  object space 282624K, 64% used [0x00000000a0000000,0x00000000ab2896d0,0x00000000b1400000)
 Metaspace       used 74669K, capacity 77026K, committed 77184K, reserved 1116160K
  class space    used 9744K, capacity 10256K, committed 10368K, reserved 1048576K
}
Event: 450.130 GC heap before
{Heap before GC invocations=37 (full 5):
 PSYoungGen      total 150016K, used 120652K [0x00000000e0000000, 0x00000000ed680000, 0x0000000100000000)
  eden space 95744K, 100% used [0x00000000e0000000,0x00000000e5d80000,0x00000000e5d80000)
  from space 54272K, 45% used [0x00000000e5d80000,0x00000000e75d3168,0x00000000e9280000)
  to   space 53248K, 0% used [0x00000000ea280000,0x00000000ea280000,0x00000000ed680000)
 ParOldGen       total 282624K, used 182821K [0x00000000a0000000, 0x00000000b1400000, 0x00000000e0000000)
  object space 282624K, 64% used [0x00000000a0000000,0x00000000ab2896d0,0x00000000b1400000)
 Metaspace       used 76206K, capacity 78626K, committed 78848K, reserved 1118208K
  class space    used 9932K, capacity 10482K, committed 10496K, reserved 1048576K
Event: 450.145 GC heap after
Heap after GC invocations=37 (full 5):
 PSYoungGen      total 159232K, used 3156K [0x00000000e0000000, 0x00000000ed200000, 0x0000000100000000)
  eden space 110592K, 0% used [0x00000000e0000000,0x00000000e0000000,0x00000000e6c00000)
  from space 48640K, 6% used [0x00000000ea280000,0x00000000ea595148,0x00000000ed200000)
  to   space 52224K, 0% used [0x00000000e6c00000,0x00000000e6c00000,0x00000000e9f00000)
 ParOldGen       total 282624K, used 183363K [0x00000000a0000000, 0x00000000b1400000, 0x00000000e0000000)
  object space 282624K, 64% used [0x00000000a0000000,0x00000000ab310f78,0x00000000b1400000)
 Metaspace       used 76206K, capacity 78626K, committed 78848K, reserved 1118208K
  class space    used 9932K, capacity 10482K, committed 10496K, reserved 1048576K
}
Event: 451.880 GC heap before
{Heap before GC invocations=38 (full 5):
 PSYoungGen      total 159232K, used 113748K [0x00000000e0000000, 0x00000000ed200000, 0x0000000100000000)
  eden space 110592K, 100% used [0x00000000e0000000,0x00000000e6c00000,0x00000000e6c00000)
  from space 48640K, 6% used [0x00000000ea280000,0x00000000ea595148,0x00000000ed200000)
  to   space 52224K, 0% used [0x00000000e6c00000,0x00000000e6c00000,0x00000000e9f00000)
 ParOldGen       total 282624K, used 183363K [0x00000000a0000000, 0x00000000b1400000, 0x00000000e0000000)
  object space 282624K, 64% used [0x00000000a0000000,0x00000000ab310f78,0x00000000b1400000)
 Metaspace       used 76696K, capacity 79164K, committed 79488K, reserved 1118208K
  class space    used 9953K, capacity 10497K, committed 10624K, reserved 1048576K
Event: 451.898 GC heap after
Heap after GC invocations=38 (full 5):
 PSYoungGen      total 162816K, used 6208K [0x00000000e0000000, 0x00000000edd00000, 0x0000000100000000)
  eden space 110592K, 0% used [0x00000000e0000000,0x00000000e0000000,0x00000000e6c00000)
  from space 52224K, 11% used [0x00000000e6c00000,0x00000000e7210000,0x00000000e9f00000)
  to   space 51200K, 0% used [0x00000000eab00000,0x00000000eab00000,0x00000000edd00000)
 ParOldGen       total 282624K, used 185035K [0x00000000a0000000, 0x00000000b1400000, 0x00000000e0000000)
  object space 282624K, 65% used [0x00000000a0000000,0x00000000ab4b2ff8,0x00000000b1400000)
 Metaspace       used 76696K, capacity 79164K, committed 79488K, reserved 1118208K
  class space    used 9953K, capacity 10497K, committed 10624K, reserved 1048576K
}
Event: 452.597 GC heap before
{Heap before GC invocations=39 (full 5):
 PSYoungGen      total 162816K, used 116800K [0x00000000e0000000, 0x00000000edd00000, 0x0000000100000000)
  eden space 110592K, 100% used [0x00000000e0000000,0x00000000e6c00000,0x00000000e6c00000)
  from space 52224K, 11% used [0x00000000e6c00000,0x00000000e7210000,0x00000000e9f00000)
  to   space 51200K, 0% used [0x00000000eab00000,0x00000000eab00000,0x00000000edd00000)
 ParOldGen       total 282624K, used 185035K [0x00000000a0000000, 0x00000000b1400000, 0x00000000e0000000)
  object space 282624K, 65% used [0x00000000a0000000,0x00000000ab4b2ff8,0x00000000b1400000)
 Metaspace       used 78324K, capacity 80988K, committed 81152K, reserved 1120256K
  class space    used 10148K, capacity 10721K, committed 10752K, reserved 1048576K
Event: 452.702 GC heap after
Heap after GC invocations=39 (full 5):
 PSYoungGen      total 162816K, used 51170K [0x00000000e0000000, 0x00000000ef980000, 0x0000000100000000)
  eden space 111616K, 0% used [0x00000000e0000000,0x00000000e0000000,0x00000000e6d00000)
  from space 51200K, 99% used [0x00000000eab00000,0x00000000edcf88f8,0x00000000edd00000)
  to   space 63488K, 0% used [0x00000000e6d00000,0x00000000e6d00000,0x00000000eab00000)
 ParOldGen       total 282624K, used 193155K [0x00000000a0000000, 0x00000000b1400000, 0x00000000e0000000)
  object space 282624K, 68% used [0x00000000a0000000,0x00000000abca0c08,0x00000000b1400000)
 Metaspace       used 78324K, capacity 80988K, committed 81152K, reserved 1120256K
  class space    used 10148K, capacity 10721K, committed 10752K, reserved 1048576K
}
Event: 453.626 GC heap before
{Heap before GC invocations=40 (full 5):
 PSYoungGen      total 162816K, used 162786K [0x00000000e0000000, 0x00000000ef980000, 0x0000000100000000)
  eden space 111616K, 100% used [0x00000000e0000000,0x00000000e6d00000,0x00000000e6d00000)
  from space 51200K, 99% used [0x00000000eab00000,0x00000000edcf88f8,0x00000000edd00000)
  to   space 63488K, 0% used [0x00000000e6d00000,0x00000000e6d00000,0x00000000eab00000)
 ParOldGen       total 282624K, used 193155K [0x00000000a0000000, 0x00000000b1400000, 0x00000000e0000000)
  object space 282624K, 68% used [0x00000000a0000000,0x00000000abca0c08,0x00000000b1400000)
 Metaspace       used 80141K, capacity 82776K, committed 82944K, reserved 1122304K
  class space    used 10392K, capacity 10951K, committed 11008K, reserved 1048576K
Event: 453.710 GC heap after
Heap after GC invocations=40 (full 5):
 PSYoungGen      total 175104K, used 22344K [0x00000000e0000000, 0x00000000ef500000, 0x0000000100000000)
  eden space 111616K, 0% used [0x00000000e0000000,0x00000000e0000000,0x00000000e6d00000)
  from space 63488K, 35% used [0x00000000e6d00000,0x00000000e82d2300,0x00000000eab00000)
  to   space 59904K, 0% used [0x00000000eba80000,0x00000000eba80000,0x00000000ef500000)
 ParOldGen       total 282624K, used 241786K [0x00000000a0000000, 0x00000000b1400000, 0x00000000e0000000)
  object space 282624K, 85% used [0x00000000a0000000,0x00000000aec1e8b0,0x00000000b1400000)
 Metaspace       used 80141K, capacity 82776K, committed 82944K, reserved 1122304K
  class space    used 10392K, capacity 10951K, committed 11008K, reserved 1048576K
}
Event: 453.710 GC heap before
{Heap before GC invocations=41 (full 6):
 PSYoungGen      total 175104K, used 22344K [0x00000000e0000000, 0x00000000ef500000, 0x0000000100000000)
  eden space 111616K, 0% used [0x00000000e0000000,0x00000000e0000000,0x00000000e6d00000)
  from space 63488K, 35% used [0x00000000e6d00000,0x00000000e82d2300,0x00000000eab00000)
  to   space 59904K, 0% used [0x00000000eba80000,0x00000000eba80000,0x00000000ef500000)
 ParOldGen       total 282624K, used 241786K [0x00000000a0000000, 0x00000000b1400000, 0x00000000e0000000)
  object space 282624K, 85% used [0x00000000a0000000,0x00000000aec1e8b0,0x00000000b1400000)
 Metaspace       used 80141K, capacity 82776K, committed 82944K, reserved 1122304K
  class space    used 10392K, capacity 10951K, committed 11008K, reserved 1048576K

